-------------------------------------------------------------------------------
Test set: org.sonatype.mavenbook.weather.YahooParserTest
-------------------------------------------------------------------------------
Tests run: 1, Failures: 1, Errors: 0, Skipped: 0, Time elapsed: 0.001 s <<< FAILURE! - in org.sonatype.mavenbook.weather.YahooParserTest
testParser(org.sonatype.mavenbook.weather.YahooParserTest)  Time elapsed: 0 s  <<< FAILURE!
junit.framework.ComparisonFailure: expected:<[New York]> but was:<[]>
	at org.sonatype.mavenbook.weather.YahooParserTest.testParser(YahooParserTest.java:20)

