<?xml version="1.0" encoding="UTF-8"?>
<testsuite xmlns:xsi="http://www.w3.org/2001/XMLSchema-instance" xsi:noNamespaceSchemaLocation="https://maven.apache.org/surefire/maven-surefire-plugin/xsd/surefire-test-report.xsd" name="org.sonatype.mavenbook.weather.YahooParserTest" time="0.001" tests="1" errors="0" skipped="0" failures="1">
  <properties>
[...]
</properties>
  <testcase name="testParser" classname="org.sonatype.mavenbook.weather.YahooParserTest" time="0">
    <failure message="expected:&lt;[New York]&gt; but was:&lt;[]&gt;" type="junit.framework.ComparisonFailure"><![CDATA[junit.framework.ComparisonFailure: expected:<[New York]> but was:<[]>
	at org.sonatype.mavenbook.weather.YahooParserTest.testParser(YahooParserTest.java:20)
]]></failure>
    <system-out><![CDATA[414  INFO  YahooParser  - Creating XML Reader
457  INFO  YahooParser  - Parsing XML Response
]]></system-out>
  </testcase>
</testsuite>